<?xml version="1.0" encoding="UTF-8"?>
<!-- Generated by org.testng.reporters.JUnitXMLReporter -->
<testsuite ignored="0" hostname="Mohan-Thiyagarajan" failures="1" tests="1" name="Default test" time="5.083" errors="0" timestamp="2025-10-17T10:23:50 IST">
  <testcase classname="io.cucumber.testng.AbstractTestNGCucumberTests" name="runScenario" time="3.826">
    <failure type="io.cucumber.testng.UndefinedStepException" message="The step &amp;apos;logged in with  the Username tnjprasannav@gmail.com and Password Test@123&amp;apos; is undefined.
You can implement this step using the snippet(s) below:

@Given(&amp;quot;logged in with  the Username tnjprasannav@gmail.com and Password Test@{int}&amp;quot;)
public void logged_in_with_the_username_tnjprasannav_gmail_com_and_password_test(Integer int1) {
    // Write code here that turns the phrase above into concrete actions
    throw new io.cucumber.java.PendingException();
}
">
      <![CDATA[io.cucumber.testng.UndefinedStepException: The step 'logged in with  the Username tnjprasannav@gmail.com and Password Test@123' is undefined.
You can implement this step using the snippet(s) below:

@Given("logged in with  the Username tnjprasannav@gmail.com and Password Test@{int}")
public void logged_in_with_the_username_tnjprasannav_gmail_com_and_password_test(Integer int1) {
    // Write code here that turns the phrase above into concrete actions
    throw new io.cucumber.java.PendingException();
}

at âœ½.logged in with  the Username tnjprasannav@gmail.com and Password Test@123(file:///D:/Selenium/SeleniumTestPro2/TestPro2/src/test/java/com/cucumber/com/Login.feature:9)
]]>
    </failure>
  </testcase> <!-- runScenario -->
</testsuite> <!-- Default test -->
