<?xml version="1.0" encoding="UTF-8"?>
<testng-results ignored="1" total="2" passed="1" failed="0" skipped="0">
  <reporter-output>
  </reporter-output>
  <suite started-at="2025-10-31T17:07:41 IST" name="OpenCart2" finished-at="2025-10-31T17:07:51 IST" duration-ms="10300">
    <groups>
      <group name="login Validations">
        <method signature="LaunchLoginTest.loginTest(java.util.HashMap)[pri:1, instance:com.openCartTest.com.LaunchLoginTest@452e19ca]" name="loginTest" class="com.openCartTest.com.LaunchLoginTest"/>
      </group> <!-- login Validations -->
    </groups>
    <test started-at="2025-10-31T17:07:41 IST" name="LoginTest" finished-at="2025-10-31T17:07:51 IST" duration-ms="9843">
      <class name="com.openCartTest.com.LaunchLoginTest">
        <test-method is-config="true" signature="launchApp()[pri:0, instance:com.openCartTest.com.LaunchLoginTest@452e19ca]" started-at="2025-10-31T17:07:41 IST" name="launchApp" finished-at="2025-10-31T17:07:46 IST" duration-ms="4911" status="PASS">
          <reporter-output>
          </reporter-output>
        </test-method> <!-- launchApp -->
        <test-method signature="loginTest(java.util.HashMap)[pri:1, instance:com.openCartTest.com.LaunchLoginTest@452e19ca]" started-at="2025-10-31T17:07:46 IST" name="loginTest" data-provider="loginData" finished-at="2025-10-31T17:07:50 IST" duration-ms="4357" status="PASS">
          <params>
            <param index="0">
              <value>
                <![CDATA[{password=Test@123, email=tnjprasannav@gmail.com}]]>
              </value>
            </param>
          </params>
          <reporter-output>
          </reporter-output>
        </test-method> <!-- loginTest -->
        <test-method is-config="true" signature="closeApp()[pri:0, instance:com.openCartTest.com.LaunchLoginTest@452e19ca]" started-at="2025-10-31T17:07:50 IST" name="closeApp" finished-at="2025-10-31T17:07:51 IST" duration-ms="252" status="PASS">
          <reporter-output>
          </reporter-output>
        </test-method> <!-- closeApp -->
      </class> <!-- com.openCartTest.com.LaunchLoginTest -->
    </test> <!-- LoginTest -->
    <test started-at="2025-10-31T17:07:51 IST" name="AddressOptionClick" finished-at="2025-10-31T17:07:51 IST" duration-ms="1">
    </test> <!-- AddressOptionClick -->
  </suite> <!-- OpenCart2 -->
</testng-results>
