<?xml version="1.0" encoding="UTF-8"?>
<!-- Generated by org.testng.reporters.JUnitXMLReporter -->
<testsuite ignored="1" hostname="Mohan-Thiyagarajan" failures="0" tests="1" name="LoginTest" time="9.843" errors="0" timestamp="2025-10-31T17:07:51 IST">
  <testcase classname="com.openCartTest.com.LaunchLoginTest" name="loginTest" time="4.357"/>
  <testcase classname="com.openCartTest.com.LaunchLoginTest" name="loginAlertTest" time="0.0">
    <ignored/>
  </testcase> <!-- loginAlertTest -->
</testsuite> <!-- LoginTest -->
