<?xml version="1.0" encoding="UTF-8"?>
<!-- Generated by org.testng.reporters.JUnitReportReporter -->
<testsuite hostname="Mohan-Thiyagarajan" failures="0" tests="2" name="com.openCartTest.com.LoginTest" time="15.774" errors="0" timestamp="2025-10-14T11:17:50 IST" skipped="0">
  <testcase classname="com.openCartTest.com.LoginTest" name="loginTest" time="8.241"/>
  <testcase classname="com.openCartTest.com.LoginTest" name="incorrectLoginError" time="7.533"/>
</testsuite> <!-- com.openCartTest.com.LoginTest -->
