<?xml version="1.0" encoding="UTF-8"?>
<!-- Generated by org.testng.reporters.JUnitReportReporter -->
<testsuite hostname="Mohan-Thiyagarajan" failures="0" tests="1" name="com.cucumber.com.TestNGTestRunner" time="3.826" errors="1" timestamp="2025-10-17T10:23:50 IST" skipped="0">
  <testcase classname="com.cucumber.com.TestNGTestRunner" name="runScenario" time="3.826">
    <error message="The step &#039;logged in with  the Username tnjprasannav@gmail.com and Password Test@123&#039; is undefined.
You can implement this step using the snippet(s) below:

@Given(&quot;logged in with  the Username tnjprasannav@gmail.com and Password Test@{int}&quot;)
public void logged_in_with_the_username_tnjprasannav_gmail_com_and_password_test(Integer int1) {
    // Write code here that turns the phrase above into concrete actions
    throw new io.cucumber.java.PendingException();
}
" type="io.cucumber.testng.UndefinedStepException">
      <![CDATA[io.cucumber.testng.UndefinedStepException: The step 'logged in with  the Username tnjprasannav@gmail.com and Password Test@123' is undefined.
You can implement this step using the snippet(s) below:

@Given("logged in with  the Username tnjprasannav@gmail.com and Password Test@{int}")
public void logged_in_with_the_username_tnjprasannav_gmail_com_and_password_test(Integer int1) {
    // Write code here that turns the phrase above into concrete actions
    throw new io.cucumber.java.PendingException();
}

at âœ½.logged in with  the Username tnjprasannav@gmail.com and Password Test@123(file:///D:/Selenium/SeleniumTestPro2/TestPro2/src/test/java/com/cucumber/com/Login.feature:9)
]]>
    </error>
  </testcase> <!-- runScenario -->
</testsuite> <!-- com.cucumber.com.TestNGTestRunner -->
